# JRE version: Java(TM) SE Runtime Environment (10.0.1+10) (build 10.0.1+10)
# Java VM: Java HotSpot(TM) 64-Bit Server VM (10.0.1+10, mixed mode, tiered, compressed oops, g1 gc, linux-amd64)
Heap:
 garbage-first heap   total 377856K, used 250782K [0x0000000080000000, 0x0000000100000000)
  region size 1024K, 8 young (8192K), 1 survivors (1024K)
 Metaspace       used 35441K, capacity 36394K, committed 37888K, reserved 1083392K
  class space    used 4017K, capacity 4459K, committed 4864K, reserved 1048576K
GC Heap History (10 events):
Event: 1503.178 GC heap before
{Heap before GC invocations=41 (full 0):
 garbage-first heap   total 377856K, used 236405K [0x0000000080000000, 0x0000000100000000)
  region size 1024K, 4 young (4096K), 3 survivors (3072K)
 Metaspace       used 35944K, capacity 37210K, committed 37632K, reserved 1081344K
  class space    used 4176K, capacity 4776K, committed 4864K, reserved 1048576K
}
Event: 1503.182 GC heap after
{Heap after GC invocations=42 (full 0):
 garbage-first heap   total 377856K, used 236342K [0x0000000080000000, 0x0000000100000000)
  region size 1024K, 2 young (2048K), 2 survivors (2048K)
 Metaspace       used 35944K, capacity 37210K, committed 37632K, reserved 1081344K
  class space    used 4176K, capacity 4776K, committed 4864K, reserved 1048576K
}
Event: 1802.360 GC heap before
{Heap before GC invocations=43 (full 0):
 garbage-first heap   total 377856K, used 273206K [0x0000000080000000, 0x0000000100000000)
  region size 1024K, 31 young (31744K), 2 survivors (2048K)
 Metaspace       used 35944K, capacity 37210K, committed 37632K, reserved 1081344K
  class space    used 4176K, capacity 4776K, committed 4864K, reserved 1048576K
}
Event: 1802.364 GC heap after
{Heap after GC invocations=44 (full 0):
 garbage-first heap   total 377856K, used 165703K [0x0000000080000000, 0x0000000100000000)
  region size 1024K, 2 young (2048K), 2 survivors (2048K)
 Metaspace       used 35944K, capacity 37210K, committed 37632K, reserved 1081344K
  class space    used 4176K, capacity 4776K, committed 4864K, reserved 1048576K
}
Event: 1803.203 GC heap before
{Heap before GC invocations=45 (full 0):
 garbage-first heap   total 377856K, used 236359K [0x0000000080000000, 0x0000000100000000)
  region size 1024K, 3 young (3072K), 2 survivors (2048K)
 Metaspace       used 35944K, capacity 37210K, committed 37632K, reserved 1081344K
  class space    used 4176K, capacity 4776K, committed 4864K, reserved 1048576K
}
Event: 1803.207 GC heap after
{Heap after GC invocations=46 (full 0):
 garbage-first heap   total 377856K, used 236419K [0x0000000080000000, 0x0000000100000000)
  region size 1024K, 2 young (2048K), 2 survivors (2048K)
 Metaspace       used 35944K, capacity 37210K, committed 37632K, reserved 1081344K
  class space    used 4176K, capacity 4776K, committed 4864K, reserved 1048576K
}
Event: 2102.367 GC heap before
{Heap before GC invocations=47 (full 0):
 garbage-first heap   total 377856K, used 273283K [0x0000000080000000, 0x0000000100000000)
  region size 1024K, 31 young (31744K), 2 survivors (2048K)
 Metaspace       used 35946K, capacity 37212K, committed 37632K, reserved 1081344K
  class space    used 4176K, capacity 4776K, committed 4864K, reserved 1048576K
}
Event: 2102.371 GC heap after
{Heap after GC invocations=48 (full 0):
 garbage-first heap   total 377856K, used 165780K [0x0000000080000000, 0x0000000100000000)
  region size 1024K, 1 young (1024K), 1 survivors (1024K)
 Metaspace       used 35946K, capacity 37212K, committed 37632K, reserved 1081344K
  class space    used 4176K, capacity 4776K, committed 4864K, reserved 1048576K
}
Event: 2103.203 GC heap before
{Heap before GC invocations=49 (full 0):
 garbage-first heap   total 377856K, used 236436K [0x0000000080000000, 0x0000000100000000)
  region size 1024K, 2 young (2048K), 1 survivors (1024K)
 Metaspace       used 35290K, capacity 36260K, committed 37632K, reserved 1081344K
  class space    used 4006K, capacity 4457K, committed 4864K, reserved 1048576K
}
Event: 2103.206 GC heap after
{Heap after GC invocations=50 (full 0):
 garbage-first heap   total 377856K, used 236446K [0x0000000080000000, 0x0000000100000000)
  region size 1024K, 1 young (1024K), 1 survivors (1024K)
 Metaspace       used 35290K, capacity 36260K, committed 37632K, reserved 1081344K
  class space    used 4006K, capacity 4457K, committed 4864K, reserved 1048576K
}

